0 info it worked if it ends with ok
1 verbose cli [ '/usr/local/bin/node',
1 verbose cli   '/usr/local/bin/npm',
1 verbose cli   'install',
1 verbose cli   '-g',
1 verbose cli   'nodemon' ]
2 info using npm@2.15.5
3 info using node@v4.4.5
4 verbose install initial load of /usr/local/lib/package.json
5 verbose readDependencies loading dependencies from /usr/local/lib/package.json
6 silly cache add args [ 'nodemon', null ]
7 verbose cache add spec nodemon
8 silly cache add parsed spec Result {
8 silly cache add   raw: 'nodemon',
8 silly cache add   scope: null,
8 silly cache add   name: 'nodemon',
8 silly cache add   rawSpec: '',
8 silly cache add   spec: 'latest',
8 silly cache add   type: 'tag' }
9 silly addNamed nodemon@latest
10 verbose addNamed "latest" is being treated as a dist-tag for nodemon
11 info addNameTag [ 'nodemon', 'latest' ]
12 silly mapToRegistry name nodemon
13 silly mapToRegistry using default registry
14 silly mapToRegistry registry https://registry.npmjs.org/
15 silly mapToRegistry data Result {
15 silly mapToRegistry   raw: 'nodemon',
15 silly mapToRegistry   scope: null,
15 silly mapToRegistry   name: 'nodemon',
15 silly mapToRegistry   rawSpec: '',
15 silly mapToRegistry   spec: 'latest',
15 silly mapToRegistry   type: 'tag' }
16 silly mapToRegistry uri https://registry.npmjs.org/nodemon
17 verbose addNameTag registry:https://registry.npmjs.org/nodemon not in flight; fetching
18 verbose request uri https://registry.npmjs.org/nodemon
19 verbose request no auth needed
20 info attempt registry request try #1 at 15:13:43
21 verbose request id 0083abc102f6c79c
22 http request GET https://registry.npmjs.org/nodemon
23 http 200 https://registry.npmjs.org/nodemon
24 verbose headers { server: 'CouchDB/1.5.0 (Erlang OTP/R16B03)',
24 verbose headers   etag: '"74IJID8XG82KE0N81P821TNOE"',
24 verbose headers   'content-type': 'application/json',
24 verbose headers   'content-encoding': 'gzip',
24 verbose headers   'cache-control': 'max-age=300',
24 verbose headers   'content-length': '24772',
24 verbose headers   'accept-ranges': 'bytes',
24 verbose headers   date: 'Fri, 21 Oct 2016 13:13:43 GMT',
24 verbose headers   via: '1.1 varnish',
24 verbose headers   age: '207',
24 verbose headers   connection: 'keep-alive',
24 verbose headers   'x-served-by': 'cache-ams4436-AMS',
24 verbose headers   'x-cache': 'HIT',
24 verbose headers   'x-cache-hits': '1',
24 verbose headers   'x-timer': 'S1477055623.099615,VS0,VE0',
24 verbose headers   vary: 'Accept-Encoding' }
25 silly get cb [ 200,
25 silly get   { server: 'CouchDB/1.5.0 (Erlang OTP/R16B03)',
25 silly get     etag: '"74IJID8XG82KE0N81P821TNOE"',
25 silly get     'content-type': 'application/json',
25 silly get     'content-encoding': 'gzip',
25 silly get     'cache-control': 'max-age=300',
25 silly get     'content-length': '24772',
25 silly get     'accept-ranges': 'bytes',
25 silly get     date: 'Fri, 21 Oct 2016 13:13:43 GMT',
25 silly get     via: '1.1 varnish',
25 silly get     age: '207',
25 silly get     connection: 'keep-alive',
25 silly get     'x-served-by': 'cache-ams4436-AMS',
25 silly get     'x-cache': 'HIT',
25 silly get     'x-cache-hits': '1',
25 silly get     'x-timer': 'S1477055623.099615,VS0,VE0',
25 silly get     vary: 'Accept-Encoding' } ]
26 verbose get saving nodemon to /Users/Stefan/.npm/registry.npmjs.org/nodemon/.cache.json
27 verbose correctMkdir /Users/Stefan/.npm correctMkdir not in flight; initializing
28 silly addNameTag next cb for nodemon with tag latest
29 silly addNamed nodemon@1.11.0
30 verbose addNamed "1.11.0" is a plain semver version for nodemon
31 silly mapToRegistry name nodemon
32 silly mapToRegistry using default registry
33 silly mapToRegistry registry https://registry.npmjs.org/
34 silly mapToRegistry data Result {
34 silly mapToRegistry   raw: 'nodemon',
34 silly mapToRegistry   scope: null,
34 silly mapToRegistry   name: 'nodemon',
34 silly mapToRegistry   rawSpec: '',
34 silly mapToRegistry   spec: 'latest',
34 silly mapToRegistry   type: 'tag' }
35 silly mapToRegistry uri https://registry.npmjs.org/nodemon
36 verbose addRemoteTarball https://registry.npmjs.org/nodemon/-/nodemon-1.11.0.tgz not in flight; adding
37 verbose addRemoteTarball [ 'https://registry.npmjs.org/nodemon/-/nodemon-1.11.0.tgz',
37 verbose addRemoteTarball   '226c562bd2a7b13d3d7518b49ad4828a3623d06c' ]
38 info retry fetch attempt 1 at 15:13:43
39 info attempt registry request try #1 at 15:13:43
40 http fetch GET https://registry.npmjs.org/nodemon/-/nodemon-1.11.0.tgz
41 http fetch 200 https://registry.npmjs.org/nodemon/-/nodemon-1.11.0.tgz
42 silly fetchAndShaCheck shasum 226c562bd2a7b13d3d7518b49ad4828a3623d06c
43 verbose addTmpTarball /var/folders/0_/r1jnprqx5f7fjb3s83l7rxz80000gp/T/npm-5691-27183c36/registry.npmjs.org/nodemon/-/nodemon-1.11.0.tgz not in flight; adding
44 verbose addTmpTarball already have metadata; skipping unpack for nodemon@1.11.0
45 verbose correctMkdir /Users/Stefan/.npm correctMkdir not in flight; initializing
46 silly cache afterAdd nodemon@1.11.0
47 verbose afterAdd /Users/Stefan/.npm/nodemon/1.11.0/package/package.json not in flight; writing
48 verbose correctMkdir /Users/Stefan/.npm correctMkdir not in flight; initializing
49 verbose afterAdd /Users/Stefan/.npm/nodemon/1.11.0/package/package.json written
50 silly install resolved [ { name: 'nodemon',
50 silly install resolved     homepage: 'http://nodemon.io',
50 silly install resolved     author: { name: 'Remy Sharp', url: 'http://github.com/remy' },
50 silly install resolved     bin: { nodemon: './bin/nodemon.js' },
50 silly install resolved     engines: { node: '>=0.8' },
50 silly install resolved     repository: { type: 'git', url: 'git+https://github.com/remy/nodemon.git' },
50 silly install resolved     description: 'Simple monitor script for use during development of a node.js app.',
50 silly install resolved     keywords:
50 silly install resolved      [ 'monitor',
50 silly install resolved        'development',
50 silly install resolved        'restart',
50 silly install resolved        'autoload',
50 silly install resolved        'reload',
50 silly install resolved        'terminal' ],
50 silly install resolved     license: 'MIT',
50 silly install resolved     main: './lib/nodemon',
50 silly install resolved     scripts:
50 silly install resolved      { coverage: 'istanbul cover _mocha -- --timeout 30000 --ui bdd --reporter list test/**/*.test.js',
50 silly install resolved        lint: 'jscs lib/**/*.js -v',
50 silly install resolved        ':spec': 'mocha --timeout 30000 --ui bdd test/**/*.test.js',
50 silly install resolved        test: 'npm run lint && npm run spec',
50 silly install resolved        spec: 'for FILE in test/**/*.test.js; do echo $FILE; ./node_modules/.bin/mocha --timeout 30000 $FILE; if [ $? -ne 0 ]; then exit 1; fi; sleep 1; done',
50 silly install resolved        web: 'node web',
50 silly install resolved        'semantic-release': 'semantic-release pre && npm publish && semantic-release post' },
50 silly install resolved     devDependencies:
50 silly install resolved      { async: '1.4.2',
50 silly install resolved        'coffee-script': '~1.7.1',
50 silly install resolved        connect: '~2.19.1',
50 silly install resolved        istanbul: '~0.2.10',
50 silly install resolved        jscs: '2.1.1',
50 silly install resolved        mocha: '2.3.3',
50 silly install resolved        should: '~4.0.0',
50 silly install resolved        'semantic-release': '4.3.5' },
50 silly install resolved     dependencies:
50 silly install resolved      { chokidar: '^1.4.3',
50 silly install resolved        debug: '^2.2.0',
50 silly install resolved        'es6-promise': '^3.0.2',
50 silly install resolved        'ignore-by-default': '^1.0.0',
50 silly install resolved        'lodash.defaults': '^3.1.2',
50 silly install resolved        minimatch: '^3.0.0',
50 silly install resolved        'ps-tree': '^1.0.1',
50 silly install resolved        touch: '1.0.0',
50 silly install resolved        undefsafe: '0.0.3',
50 silly install resolved        'update-notifier': '0.5.0' },
50 silly install resolved     version: '1.11.0',
50 silly install resolved     gitHead: '2cd85b1f609e9749d19afcdbd71368e6ab063f9d',
50 silly install resolved     bugs: { url: 'https://github.com/remy/nodemon/issues' },
50 silly install resolved     _id: 'nodemon@1.11.0',
50 silly install resolved     _shasum: '226c562bd2a7b13d3d7518b49ad4828a3623d06c',
50 silly install resolved     _from: 'nodemon@latest',
50 silly install resolved     _npmVersion: '2.15.11',
50 silly install resolved     _nodeVersion: '6.7.0',
50 silly install resolved     _npmUser: { name: 'remy', email: 'remy@leftlogic.com' },
50 silly install resolved     dist:
50 silly install resolved      { shasum: '226c562bd2a7b13d3d7518b49ad4828a3623d06c',
50 silly install resolved        tarball: 'https://registry.npmjs.org/nodemon/-/nodemon-1.11.0.tgz' },
50 silly install resolved     maintainers: [ [Object] ],
50 silly install resolved     _npmOperationalInternal:
50 silly install resolved      { host: 'packages-12-west.internal.npmjs.com',
50 silly install resolved        tmp: 'tmp/nodemon-1.11.0.tgz_1475780171533_0.901109219994396' },
50 silly install resolved     directories: {},
50 silly install resolved     _resolved: 'https://registry.npmjs.org/nodemon/-/nodemon-1.11.0.tgz' } ]
51 info install nodemon@1.11.0 into /usr/local/lib
52 info installOne nodemon@1.11.0
53 verbose installOne of nodemon to /usr/local/lib not in flight; installing
54 verbose correctMkdir /Users/Stefan/.npm/_locks correctMkdir not in flight; initializing
55 verbose lock using /Users/Stefan/.npm/_locks/nodemon-49f7ed19e778991e.lock for /usr/local/lib/node_modules/nodemon
56 silly install write writing nodemon 1.11.0 to /usr/local/lib/node_modules/nodemon
57 verbose unbuild lib/node_modules/nodemon
58 info preuninstall nodemon@1.10.2
59 info uninstall nodemon@1.10.2
60 verbose unbuild rmStuff nodemon@1.10.2 from /usr/local/lib/node_modules
61 silly gentlyRm /usr/local/bin/nodemon is being gently removed
62 silly gentlyRm verifying /usr/local is an npm working directory
63 silly gentlyRm containing path /usr/local is under npm's control, in /usr/local
64 silly gentlyRm deletion target /usr/local/bin/nodemon is under /usr/local
65 verbose gentlyRm vacuuming from /usr/local/bin/nodemon up to /usr/local
66 silly vacuum-fs removing /usr/local/bin/nodemon
67 silly vacuum-fs quitting because other entries in /usr/local/bin
68 info postuninstall nodemon@1.10.2
69 silly gentlyRm /usr/local/lib/node_modules/nodemon is being purged from base /usr/local
70 verbose gentlyRm don't care about contents; nuking /usr/local/lib/node_modules/nodemon
71 silly vacuum-fs purging /usr/local/lib/node_modules/nodemon
72 verbose unlock done using /Users/Stefan/.npm/_locks/nodemon-49f7ed19e778991e.lock for /usr/local/lib/node_modules/nodemon
73 verbose stack Error: EACCES: permission denied, rmdir '/usr/local/lib/node_modules/nodemon'
73 verbose stack     at Error (native)
74 verbose cwd /Applications/XAMPP/xamppfiles/htdocs/collaborationTool
75 error Darwin 16.0.0
76 error argv "/usr/local/bin/node" "/usr/local/bin/npm" "install" "-g" "nodemon"
77 error node v4.4.5
78 error npm  v2.15.5
79 error path /usr/local/lib/node_modules/nodemon
80 error code EACCES
81 error errno -13
82 error syscall rmdir
83 error Error: EACCES: permission denied, rmdir '/usr/local/lib/node_modules/nodemon'
83 error     at Error (native)
83 error  { [Error: EACCES: permission denied, rmdir '/usr/local/lib/node_modules/nodemon']
83 error   errno: -13,
83 error   code: 'EACCES',
83 error   syscall: 'rmdir',
83 error   path: '/usr/local/lib/node_modules/nodemon' }
84 error Please try running this command again as root/Administrator.
85 verbose exit [ -13, true ]
86 verbose unbuild lib/node_modules/nodemon
87 info preuninstall nodemon@1.10.2
88 info uninstall nodemon@1.10.2
89 verbose unbuild rmStuff nodemon@1.10.2 from /usr/local/lib/node_modules
90 silly gentlyRm /usr/local/bin/nodemon is being gently removed
91 silly gentlyRm verifying /usr/local is an npm working directory
92 silly gentlyRm containing path /usr/local is under npm's control, in /usr/local
93 silly gentlyRm deletion target /usr/local/bin/nodemon is under /usr/local
94 verbose gentlyRm vacuuming from /usr/local/bin/nodemon up to /usr/local
95 info postuninstall nodemon@1.10.2
96 silly gentlyRm /usr/local/lib/node_modules/nodemon is being purged from base /usr/local
97 verbose gentlyRm don't care about contents; nuking /usr/local/lib/node_modules/nodemon
98 silly vacuum-fs purging /usr/local/lib/node_modules/nodemon
99 error error rolling back Error: EACCES: permission denied, rmdir '/usr/local/lib/node_modules/nodemon'
99 error error rolling back     at Error (native)
99 error error rolling back  { [Error: EACCES: permission denied, rmdir '/usr/local/lib/node_modules/nodemon']
99 error error rolling back   errno: -13,
99 error error rolling back   code: 'EACCES',
99 error error rolling back   syscall: 'rmdir',
99 error error rolling back   path: '/usr/local/lib/node_modules/nodemon' }
